<?xml version="1.0" encoding="UTF-8"?>
<testng-results skipped="0" failed="0" total="2" passed="2">
  <reporter-output>
  </reporter-output>
  <suite name="TestSuite" duration-ms="65908" started-at="2015-10-09T19:54:05Z" finished-at="2015-10-09T19:55:11Z">
    <groups>
    </groups>
    <test name="FirefoxTest" duration-ms="4004" started-at="2015-10-09T19:54:05Z" finished-at="2015-10-09T19:54:09Z">
      <class name="testngpackage.CrossBrowserScript">
        <test-method status="PASS" signature="setUp(java.lang.String)[pri:0, instance:testngpackage.CrossBrowserScript@2d209079]" name="setUp" is-config="true" duration-ms="2802" started-at="2015-10-09T15:54:05Z" finished-at="2015-10-09T15:54:08Z">
          <params>
            <param index="0">
              <value>
                <![CDATA[Firefox]]>
              </value>
            </param>
          </params>
          <reporter-output>
          </reporter-output>
        </test-method> <!-- setUp -->
        <test-method status="PASS" signature="testParameterWithXML()[pri:0, instance:testngpackage.CrossBrowserScript@2d209079]" name="testParameterWithXML" duration-ms="727" started-at="2015-10-09T15:54:08Z" finished-at="2015-10-09T15:54:08Z">
          <reporter-output>
          </reporter-output>
        </test-method> <!-- testParameterWithXML -->
        <test-method status="PASS" signature="tearDown()[pri:0, instance:testngpackage.CrossBrowserScript@2d209079]" name="tearDown" is-config="true" duration-ms="467" started-at="2015-10-09T15:54:08Z" finished-at="2015-10-09T15:54:09Z">
          <reporter-output>
          </reporter-output>
        </test-method> <!-- tearDown -->
      </class> <!-- testngpackage.CrossBrowserScript -->
    </test> <!-- FirefoxTest -->
    <test name="ieTest" duration-ms="65908" started-at="2015-10-09T19:54:05Z" finished-at="2015-10-09T19:55:11Z">
      <class name="testngpackage.CrossBrowserScript">
        <test-method status="PASS" signature="setUp(java.lang.String)[pri:0, instance:testngpackage.CrossBrowserScript@7f63425a]" name="setUp" is-config="true" duration-ms="3046" started-at="2015-10-09T15:54:05Z" finished-at="2015-10-09T15:54:08Z">
          <params>
            <param index="0">
              <value>
                <![CDATA[ie]]>
              </value>
            </param>
          </params>
          <reporter-output>
          </reporter-output>
        </test-method> <!-- setUp -->
        <test-method status="PASS" signature="testParameterWithXML()[pri:0, instance:testngpackage.CrossBrowserScript@7f63425a]" name="testParameterWithXML" duration-ms="61628" started-at="2015-10-09T15:54:08Z" finished-at="2015-10-09T15:55:10Z">
          <reporter-output>
          </reporter-output>
        </test-method> <!-- testParameterWithXML -->
        <test-method status="PASS" signature="tearDown()[pri:0, instance:testngpackage.CrossBrowserScript@7f63425a]" name="tearDown" is-config="true" duration-ms="1230" started-at="2015-10-09T15:55:10Z" finished-at="2015-10-09T15:55:11Z">
          <reporter-output>
          </reporter-output>
        </test-method> <!-- tearDown -->
      </class> <!-- testngpackage.CrossBrowserScript -->
    </test> <!-- ieTest -->
  </suite> <!-- TestSuite -->
</testng-results>
