<?xml version="1.0" encoding="UTF-8"?>
<!-- Generated by org.testng.reporters.JUnitReportReporter -->
<testsuite hostname="QA-021746" name="testngpackage.ParamDataProviderWithClassLevel" tests="3" failures="0" timestamp="8 Oct 2015 22:40:12 GMT" time="9.301" errors="0">
  <testcase name="testMethod" time="3.200" classname="testngpackage.ParamDataProviderWithClassLevel"/>
  <testcase name="testMethod" time="3.047" classname="testngpackage.ParamDataProviderWithClassLevel"/>
  <testcase name="testMethod" time="3.054" classname="testngpackage.ParamDataProviderWithClassLevel"/>
</testsuite> <!-- testngpackage.ParamDataProviderWithClassLevel -->
